{"numFailedTestSuites":0,"numFailedTests":0,"numPassedTestSuites":1,"numPassedTests":1,"numPendingTestSuites":0,"numPendingTests":0,"numRuntimeErrorTestSuites":0,"numTodoTests":0,"numTotalTestSuites":1,"numTotalTests":1,"openHandles":[],"snapshot":{"added":0,"didUpdate":false,"failure":false,"filesAdded":0,"filesRemoved":0,"filesRemovedList":[],"filesUnmatched":0,"filesUpdated":0,"matched":0,"total":0,"unchecked":0,"uncheckedKeysByFile":[],"unmatched":0,"updated":0},"startTime":1703726704574,"success":true,"testResults":[{"assertionResults":[{"ancestorTitles":[],"duration":186,"failureDetails":[],"failureMessages":[],"fullName":"renders correctly","invocations":1,"location":null,"numPassingAsserts":0,"retryReasons":[],"status":"passed","title":"renders correctly"}],"endTime":1703726705419,"message":"","name":"/Users/deluxan.mariathasan/Documents/Projects/fintrackr/FinTrackr/__tests__/App.test.tsx","startTime":1703726704691,"status":"passed","summary":""}],"wasInterrupted":false}
